Position (9.86523, 0.27946), Orientation (z: 0.654807)
Position (9.86523, 0.279461), Orientation (z: 0.654807)
Position (9.86523, 0.279462), Orientation (z: 0.654807)
Position (9.86523, 0.279463), Orientation (z: 0.654807)
Position (9.86523, 0.279464), Orientation (z: 0.654807)
Position (9.86523, 0.279465), Orientation (z: 0.654807)
Position (9.86523, 0.279466), Orientation (z: 0.654807)
Position (9.86523, 0.279467), Orientation (z: 0.654807)
Position (9.86523, 0.279468), Orientation (z: 0.654807)
Position (9.86523, 0.279469), Orientation (z: 0.654807)
Position (9.86523, 0.27947), Orientation (z: 0.654807)
Position (9.86523, 0.279471), Orientation (z: 0.654807)
Position (9.86523, 0.279472), Orientation (z: 0.654807)
Position (9.86524, 0.279473), Orientation (z: 0.654807)
Position (9.86524, 0.279474), Orientation (z: 0.654807)
Position (9.86524, 0.279476), Orientation (z: 0.654807)
Position (9.86524, 0.279477), Orientation (z: 0.654807)
Position (9.86524, 0.279478), Orientation (z: 0.654807)
Position (9.86524, 0.279479), Orientation (z: 0.654807)
Position (9.86524, 0.27948), Orientation (z: 0.654807)
Position (9.86524, 0.279481), Orientation (z: 0.654807)
Position (9.86524, 0.279482), Orientation (z: 0.654807)
Position (9.86524, 0.279483), Orientation (z: 0.654807)
Position (9.86524, 0.279484), Orientation (z: 0.654807)
Position (9.86524, 0.279485), Orientation (z: 0.654807)
Position (9.86524, 0.279486), Orientation (z: 0.654807)
Position (9.86524, 0.279487), Orientation (z: 0.654807)
Position (9.86524, 0.279488), Orientation (z: 0.654807)
Position (9.86524, 0.279489), Orientation (z: 0.654807)
Position (9.86524, 0.27949), Orientation (z: 0.654807)
Position (9.86524, 0.279491), Orientation (z: 0.654807)
Position (9.86524, 0.279492), Orientation (z: 0.654807)
Position (9.86524, 0.279494), Orientation (z: 0.654807)
Position (9.86524, 0.279495), Orientation (z: 0.654807)
Position (9.86524, 0.279496), Orientation (z: 0.654807)
Position (9.86524, 0.279497), Orientation (z: 0.654807)
Position (9.86524, 0.279498), Orientation (z: 0.654807)
Position (9.86524, 0.279499), Orientation (z: 0.654807)
Position (9.86524, 0.2795), Orientation (z: 0.654807)
Position (9.86524, 0.279501), Orientation (z: 0.654807)
Position (9.86524, 0.279502), Orientation (z: 0.654807)
Position (9.86524, 0.279503), Orientation (z: 0.654807)
Position (9.86524, 0.279504), Orientation (z: 0.654807)
Position (9.86524, 0.279505), Orientation (z: 0.654807)
Position (9.86524, 0.279506), Orientation (z: 0.654807)
Position (9.86524, 0.279507), Orientation (z: 0.654807)
Position (9.86524, 0.279508), Orientation (z: 0.654807)
Position (9.86524, 0.279509), Orientation (z: 0.654807)
Position (9.86524, 0.279511), Orientation (z: 0.654807)
Position (9.86524, 0.279512), Orientation (z: 0.654807)
Position (9.86524, 0.279513), Orientation (z: 0.654807)
Position (9.86524, 0.279514), Orientation (z: 0.654807)
Position (9.86524, 0.279515), Orientation (z: 0.654807)
Position (9.86524, 0.279516), Orientation (z: 0.654807)
Position (9.86524, 0.279517), Orientation (z: 0.654807)
Position (9.86524, 0.279518), Orientation (z: 0.654807)
Position (9.86524, 0.279519), Orientation (z: 0.654807)
Position (9.86524, 0.27952), Orientation (z: 0.654807)
Position (9.86524, 0.279521), Orientation (z: 0.654807)
Position (9.86524, 0.279522), Orientation (z: 0.654807)
Position (9.86524, 0.279523), Orientation (z: 0.654807)
Position (9.86524, 0.279524), Orientation (z: 0.654807)
Position (9.86524, 0.279525), Orientation (z: 0.654807)
Position (9.86524, 0.279526), Orientation (z: 0.654807)
Position (9.86524, 0.279527), Orientation (z: 0.654807)
Position (9.86524, 0.279529), Orientation (z: 0.654807)
Position (9.86524, 0.27953), Orientation (z: 0.654807)
Position (9.86524, 0.279531), Orientation (z: 0.654807)
Position (9.86524, 0.279532), Orientation (z: 0.654807)
Position (9.86524, 0.279533), Orientation (z: 0.654807)
Position (9.86524, 0.279534), Orientation (z: 0.654807)
Position (9.86524, 0.279535), Orientation (z: 0.654807)
Position (9.86524, 0.279536), Orientation (z: 0.654807)
Position (9.86524, 0.279537), Orientation (z: 0.654807)
Position (9.86524, 0.279538), Orientation (z: 0.654807)
Position (9.86524, 0.279539), Orientation (z: 0.654807)
Position (9.86524, 0.27954), Orientation (z: 0.654807)
Position (9.86524, 0.279541), Orientation (z: 0.654807)
Position (9.86525, 0.279542), Orientation (z: 0.654807)
Position (9.86525, 0.279543), Orientation (z: 0.654807)
Position (9.86525, 0.279544), Orientation (z: 0.654807)
Position (9.86525, 0.279546), Orientation (z: 0.654807)
Position (9.86525, 0.279547), Orientation (z: 0.654807)
Position (9.86525, 0.279548), Orientation (z: 0.654807)
Position (9.86525, 0.279549), Orientation (z: 0.654807)
Position (9.86525, 0.27955), Orientation (z: 0.654807)
Position (9.86525, 0.279551), Orientation (z: 0.654807)
Position (9.86525, 0.279552), Orientation (z: 0.654807)
Position (9.86525, 0.279553), Orientation (z: 0.654807)
Position (9.86525, 0.279554), Orientation (z: 0.654807)
Position (9.86525, 0.279555), Orientation (z: 0.654807)
Position (9.86525, 0.279556), Orientation (z: 0.654807)
Position (9.86525, 0.279557), Orientation (z: 0.654807)
Position (9.86525, 0.279558), Orientation (z: 0.654807)
Position (9.86525, 0.279559), Orientation (z: 0.654807)
Position (9.86525, 0.27956), Orientation (z: 0.654807)
Position (9.86525, 0.279561), Orientation (z: 0.654807)
Position (9.86525, 0.279562), Orientation (z: 0.654807)
Position (9.86525, 0.279564), Orientation (z: 0.654807)
Position (9.86525, 0.279565), Orientation (z: 0.654807)
Position (9.86525, 0.279566), Orientation (z: 0.654807)
Position (9.86525, 0.279567), Orientation (z: 0.654807)
Position (9.86525, 0.279568), Orientation (z: 0.654807)
Position (9.86525, 0.279569), Orientation (z: 0.654807)
Position (9.86525, 0.27957), Orientation (z: 0.654807)
Position (9.86525, 0.279571), Orientation (z: 0.654807)
Position (9.86525, 0.279572), Orientation (z: 0.654807)
Position (9.86525, 0.279573), Orientation (z: 0.654807)
Position (9.86525, 0.279574), Orientation (z: 0.654807)
Position (9.86525, 0.279575), Orientation (z: 0.654807)
Position (9.86525, 0.279576), Orientation (z: 0.654807)
Position (9.86525, 0.279577), Orientation (z: 0.654807)
Position (9.86525, 0.279578), Orientation (z: 0.654807)
Position (9.86525, 0.279579), Orientation (z: 0.654807)
Position (9.86525, 0.279581), Orientation (z: 0.654807)
Position (9.86525, 0.279582), Orientation (z: 0.654807)
Position (9.86525, 0.279583), Orientation (z: 0.654807)
Position (9.86525, 0.279584), Orientation (z: 0.654807)
Position (9.86525, 0.279585), Orientation (z: 0.654807)
Position (9.86525, 0.279586), Orientation (z: 0.654807)
Position (9.86525, 0.279587), Orientation (z: 0.654807)
Position (9.86525, 0.279588), Orientation (z: 0.654807)
Position (9.86525, 0.279589), Orientation (z: 0.654807)
Position (9.86525, 0.27959), Orientation (z: 0.654807)
Position (9.86525, 0.279591), Orientation (z: 0.654807)
Position (9.86525, 0.279592), Orientation (z: 0.654807)
Position (9.86525, 0.279593), Orientation (z: 0.654807)
Position (9.86525, 0.279594), Orientation (z: 0.654807)
Position (9.86525, 0.279595), Orientation (z: 0.654807)
Position (9.86525, 0.279596), Orientation (z: 0.654807)
Position (9.86525, 0.279598), Orientation (z: 0.654807)
Position (9.86525, 0.279599), Orientation (z: 0.654807)
Position (9.86525, 0.2796), Orientation (z: 0.654807)
Position (9.86525, 0.279601), Orientation (z: 0.654807)
Position (9.86525, 0.279602), Orientation (z: 0.654807)
